<?xml version="1.0" encoding="UTF-8"?>
<!-- Generated by org.testng.reporters.JUnitReportReporter -->
<testsuite skipped="0" hostname="CSOSTAR0105D" name="com.demo.testNG.report.TestNGReport" tests="1" failures="0" timestamp="03 Apr 2019 10:24:59 GMT" time="23.291" errors="0">
  <testcase name="m1" time="23.291" classname="com.demo.testNG.report.TestNGReport"/>
</testsuite> <!-- com.demo.testNG.report.TestNGReport -->
