<?xml version="1.0" encoding="UTF-8"?>
<!-- Generated by org.testng.reporters.JUnitReportReporter -->
<testsuite skipped="0" hostname="CSOSTAR0105D" name="WD13.com.demo.pageFactory.PageFactoryDemo" tests="1" failures="0" timestamp="23 Jul 2019 07:45:05 GMT" time="18.429" errors="0">
  <testcase name="sample" time="18.429" classname="WD13.com.demo.pageFactory.PageFactoryDemo"/>
</testsuite> <!-- WD13.com.demo.pageFactory.PageFactoryDemo -->
