<?xml version="1.0" encoding="UTF-8"?>
<!-- Generated by org.testng.reporters.JUnitReportReporter -->
<testsuite skipped="0" hostname="CSOSTAR0105D" name="TG3.com.demo.testNG.parallelExecution.ParallelExecution" tests="5" failures="0" timestamp="11 Jul 2019 06:13:10 GMT" time="87.588" errors="0">
  <testcase name="m5" time="10.013" classname="TG3.com.demo.testNG.parallelExecution.ParallelExecution"/>
  <testcase name="m1" time="25.735" classname="TG3.com.demo.testNG.parallelExecution.ParallelExecution"/>
  <testcase name="m14" time="23.303" classname="TG3.com.demo.testNG.parallelExecution.ParallelExecution"/>
  <testcase name="m3" time="21.213" classname="TG3.com.demo.testNG.parallelExecution.ParallelExecution"/>
  <testcase name="m2" time="7.324" classname="TG3.com.demo.testNG.parallelExecution.ParallelExecution"/>
</testsuite> <!-- TG3.com.demo.testNG.parallelExecution.ParallelExecution -->
