<?xml version="1.0" encoding="UTF-8"?>
<!-- Generated by org.testng.reporters.JUnitReportReporter -->
<testsuite skipped="0" hostname="CSOSTAR0105D" name="TG2.com.demo.testNG.parameters.ParametersInTestNG" tests="1" failures="0" timestamp="05 Jul 2019 13:09:06 GMT" time="12.855" errors="0">
  <testcase name="parameters" time="12.855" classname="TG2.com.demo.testNG.parameters.ParametersInTestNG"/>
</testsuite> <!-- TG2.com.demo.testNG.parameters.ParametersInTestNG -->
