<?xml version="1.0" encoding="UTF-8"?>
<!-- Generated by org.testng.reporters.JUnitReportReporter -->
<testsuite skipped="0" hostname="CSOSTAR0105D" name="WD2.com.demo.webdriver.xpath.xpathExamples" tests="1" failures="0" timestamp="11 Jul 2019 07:56:48 GMT" time="31.313" errors="0">
  <testcase name="launchDriver" time="31.313" classname="WD2.com.demo.webdriver.xpath.xpathExamples"/>
</testsuite> <!-- WD2.com.demo.webdriver.xpath.xpathExamples -->
