<?xml version="1.0" encoding="UTF-8"?>
<!-- Generated by org.testng.reporters.JUnitReportReporter -->
<testsuite skipped="0" hostname="CSOSTAR0105D" name="WD4.com.demo.webdriver.webpageActions.AutoCompleteActions" tests="1" failures="0" timestamp="05 Jul 2019 09:15:48 GMT" time="10.792" errors="0">
  <testcase name="launchdriver" time="10.792" classname="WD4.com.demo.webdriver.webpageActions.AutoCompleteActions"/>
</testsuite> <!-- WD4.com.demo.webdriver.webpageActions.AutoCompleteActions -->
