<?xml version="1.0" encoding="UTF-8"?>
<!-- Generated by org.testng.reporters.JUnitReportReporter -->
<testsuite skipped="0" hostname="CSOSTAR0105D" name="TG4.com.demo.testNG.report.TestNGReport" tests="1" failures="0" timestamp="23 Jul 2019 08:01:21 GMT" time="672.596" errors="0">
  <testcase name="m1" time="672.596" classname="TG4.com.demo.testNG.report.TestNGReport"/>
</testsuite> <!-- TG4.com.demo.testNG.report.TestNGReport -->
