<?xml version="1.0" encoding="UTF-8"?>
<!-- Generated by org.testng.reporters.JUnitReportReporter -->
<testsuite skipped="5" hostname="CSOSTAR0105D" name="com.demo.testNG.parallelExecution.ParallelExecution" tests="5" failures="0" timestamp="21 Jun 2019 09:38:05 GMT" time="0.006" errors="0">
  <testcase name="m5" time="0.000" classname="com.demo.testNG.parallelExecution.ParallelExecution">
    <skipped/>
  </testcase> <!-- m5 -->
  <testcase name="m3" time="0.000" classname="com.demo.testNG.parallelExecution.ParallelExecution">
    <skipped/>
  </testcase> <!-- m3 -->
  <testcase name="m14" time="0.006" classname="com.demo.testNG.parallelExecution.ParallelExecution">
    <skipped/>
  </testcase> <!-- m14 -->
  <testcase name="m1" time="0.000" classname="com.demo.testNG.parallelExecution.ParallelExecution">
    <skipped/>
  </testcase> <!-- m1 -->
  <testcase name="m2" time="0.000" classname="com.demo.testNG.parallelExecution.ParallelExecution">
    <skipped/>
  </testcase> <!-- m2 -->
</testsuite> <!-- com.demo.testNG.parallelExecution.ParallelExecution -->
